<?xml version="1.0" encoding="UTF-8"?>
<testsuite name="org.amaap.troopsimulationgame.repository.impl.InMemoryArmyCampRepositoryTest" tests="4" skipped="0" failures="0" errors="0" timestamp="2024-05-25T19:47:16" hostname="LAPTOP-205J7BQ6" time="0.021">
  <properties/>
  <testcase name="shouldRetrieveTrainedTroopsFromArmyCamp()" classname="org.amaap.troopsimulationgame.repository.impl.InMemoryArmyCampRepositoryTest" time="0.005"/>
  <testcase name="shouldSetAndGetTrainedBarbarianCount()" classname="org.amaap.troopsimulationgame.repository.impl.InMemoryArmyCampRepositoryTest" time="0.004"/>
  <testcase name="shouldSetAndGetTrainedArcherCount()" classname="org.amaap.troopsimulationgame.repository.impl.InMemoryArmyCampRepositoryTest" time="0.005"/>
  <testcase name="shouldSaveTrainedTroopersIntoArmyCamp()" classname="org.amaap.troopsimulationgame.repository.impl.InMemoryArmyCampRepositoryTest" time="0.004"/>
  <system-out><![CDATA[]]></system-out>
  <system-err><![CDATA[]]></system-err>
</testsuite>
