<?xml version="1.0" encoding="UTF-8"?>
<testsuite name="org.amaap.troopsimulationgame.service.ArmyCampServiceTest" tests="2" skipped="0" failures="0" errors="0" timestamp="2024-05-12T17:10:14" hostname="LAPTOP-205J7BQ6" time="0.011">
  <properties/>
  <testcase name="shouldBeAbleToStoreTrainedTroopsFromBarrackToArmyCamp()" classname="org.amaap.troopsimulationgame.service.ArmyCampServiceTest" time="0.004"/>
  <testcase name="shouldBeAbleToGetTroopersCountForArcherAndBarbarian()" classname="org.amaap.troopsimulationgame.service.ArmyCampServiceTest" time="0.006"/>
  <system-out><![CDATA[]]></system-out>
  <system-err><![CDATA[]]></system-err>
</testsuite>
