<?xml version="1.0" encoding="UTF-8"?>
<testsuite name="org.amaap.troopsimulationgame.domain.model.entity.ArcherTest" tests="2" skipped="0" failures="0" errors="0" timestamp="2024-06-20T19:10:52" hostname="LAPTOP-205J7BQ6" time="0.032">
  <properties/>
  <testcase name="shouldReturnCorrectStringForArcher()" classname="org.amaap.troopsimulationgame.domain.model.entity.ArcherTest" time="0.029"/>
  <testcase name="shouldCreateValidArcher()" classname="org.amaap.troopsimulationgame.domain.model.entity.ArcherTest" time="0.002"/>
  <system-out><![CDATA[]]></system-out>
  <system-err><![CDATA[]]></system-err>
</testsuite>
