<?xml version="1.0" encoding="UTF-8"?>
<testsuite name="org.amaap.troopsimulationgame.service.BarrackServiceTest" tests="2" skipped="0" failures="0" errors="0" timestamp="2024-06-20T18:31:33" hostname="LAPTOP-205J7BQ6" time="0.081">
  <properties/>
  <testcase name="shouldBeAbleToTrainTheTroopsInTheBarrackRepository()" classname="org.amaap.troopsimulationgame.service.BarrackServiceTest" time="0.075"/>
  <testcase name="shouldBeAbleToStoreTheTroopsInTheBarrackRepository()" classname="org.amaap.troopsimulationgame.service.BarrackServiceTest" time="0.005"/>
  <system-out><![CDATA[Troops are Train...
Train Completed...
]]></system-out>
  <system-err><![CDATA[]]></system-err>
</testsuite>
