<?xml version="1.0" encoding="UTF-8"?>
<testsuite name="org.amaap.troopsimulationgame.repository.impl.InMemoryBarrackRepositoryTest" tests="2" skipped="0" failures="0" errors="0" timestamp="2024-05-12T17:10:14" hostname="LAPTOP-205J7BQ6" time="0.01">
  <properties/>
  <testcase name="shouldBeAbleToInsertTrooperIntoBarrack()" classname="org.amaap.troopsimulationgame.repository.impl.InMemoryBarrackRepositoryTest" time="0.005"/>
  <testcase name="shouldBeAbleToRetrieveTrainedTroopersFromBarrack()" classname="org.amaap.troopsimulationgame.repository.impl.InMemoryBarrackRepositoryTest" time="0.004"/>
  <system-out><![CDATA[]]></system-out>
  <system-err><![CDATA[]]></system-err>
</testsuite>
