<?xml version="1.0" encoding="UTF-8"?>
<testsuite name="org.amaap.troopsimulationgame.domain.model.entity.BarbarianTest" tests="3" skipped="0" failures="0" errors="0" timestamp="2024-06-20T18:31:33" hostname="LAPTOP-205J7BQ6" time="0.004">
  <properties/>
  <testcase name="shouldCreateValidBarbarian()" classname="org.amaap.troopsimulationgame.domain.model.entity.BarbarianTest" time="0.0"/>
  <testcase name="shouldThrowExceptionForInvalidBarbarianParameters()" classname="org.amaap.troopsimulationgame.domain.model.entity.BarbarianTest" time="0.001"/>
  <testcase name="shouldReturnCorrectStringForBarbarian()" classname="org.amaap.troopsimulationgame.domain.model.entity.BarbarianTest" time="0.001"/>
  <system-out><![CDATA[]]></system-out>
  <system-err><![CDATA[]]></system-err>
</testsuite>
