<?xml version="1.0" encoding="UTF-8"?>
<testsuite name="org.amaap.troopsimulationgame.repository.impl.InMemoryBarrackRepositoryTest" tests="2" skipped="0" failures="0" errors="0" timestamp="2024-06-20T18:31:33" hostname="LAPTOP-205J7BQ6" time="0.008">
  <properties/>
  <testcase name="shouldBeAbleToInsertTrooperIntoBarrack()" classname="org.amaap.troopsimulationgame.repository.impl.InMemoryBarrackRepositoryTest" time="0.004"/>
  <testcase name="shouldBeAbleToRetrieveTrainedTroopersFromBarrack()" classname="org.amaap.troopsimulationgame.repository.impl.InMemoryBarrackRepositoryTest" time="0.003"/>
  <system-out><![CDATA[]]></system-out>
  <system-err><![CDATA[]]></system-err>
</testsuite>
