<?xml version="1.0" encoding="UTF-8"?>
<testsuite name="org.amaap.troopsimulationgame.service.validator.TroopValidatorTest" tests="2" skipped="0" failures="0" errors="0" timestamp="2024-06-20T19:10:53" hostname="LAPTOP-205J7BQ6" time="0.003">
  <properties/>
  <testcase name="shouldBeAbleToGetTrooperClass()" classname="org.amaap.troopsimulationgame.service.validator.TroopValidatorTest" time="0.002"/>
  <testcase name="shouldBeAbleToReturnTrueForInvalidCases()" classname="org.amaap.troopsimulationgame.service.validator.TroopValidatorTest" time="0.0"/>
  <system-out><![CDATA[]]></system-out>
  <system-err><![CDATA[]]></system-err>
</testsuite>
