<?xml version="1.0" encoding="UTF-8"?>
<testsuite name="org.amaap.troopsimulationgame.controller.BarrackControllerTest" tests="3" skipped="0" failures="0" errors="0" timestamp="2024-05-12T17:10:14" hostname="LAPTOP-205J7BQ6" time="0.032">
  <properties/>
  <testcase name="shouldBeAbleToReturnBad_RequestResponseIfDataIsInvalid()" classname="org.amaap.troopsimulationgame.controller.BarrackControllerTest" time="0.015"/>
  <testcase name="shouldBeAbleToReturnOkResponseIfTrainingIsComplete()" classname="org.amaap.troopsimulationgame.controller.BarrackControllerTest" time="0.008"/>
  <testcase name="shouldBeAbleToReturnOkResponseIfDataIsValid()" classname="org.amaap.troopsimulationgame.controller.BarrackControllerTest" time="0.007"/>
  <system-out><![CDATA[]]></system-out>
  <system-err><![CDATA[]]></system-err>
</testsuite>
