<?xml version="1.0" encoding="UTF-8"?>
<testsuite name="org.amaap.troopsimulationgame.controller.BarrackControllerTest" tests="3" skipped="0" failures="0" errors="0" timestamp="2024-06-20T18:31:33" hostname="LAPTOP-205J7BQ6" time="0.024">
  <properties/>
  <testcase name="shouldBeAbleToReturnBad_RequestResponseIfDataIsInvalid()" classname="org.amaap.troopsimulationgame.controller.BarrackControllerTest" time="0.013"/>
  <testcase name="shouldBeAbleToReturnOkResponseIfTrainingIsComplete()" classname="org.amaap.troopsimulationgame.controller.BarrackControllerTest" time="0.005"/>
  <testcase name="shouldBeAbleToReturnOkResponseIfDataIsValid()" classname="org.amaap.troopsimulationgame.controller.BarrackControllerTest" time="0.004"/>
  <system-out><![CDATA[]]></system-out>
  <system-err><![CDATA[]]></system-err>
</testsuite>
