<?xml version="1.0" encoding="UTF-8"?>
<testsuite name="org.amaap.troopsimulationgame.service.validator.TroopValidatorTest" tests="2" skipped="0" failures="0" errors="0" timestamp="2024-05-25T19:48:16" hostname="LAPTOP-205J7BQ6" time="0.008">
  <properties/>
  <testcase name="shouldBeAbleToGetTrooperClass()" classname="org.amaap.troopsimulationgame.service.validator.TroopValidatorTest" time="0.006"/>
  <testcase name="shouldBeAbleToReturnTrueForInvalidCases()" classname="org.amaap.troopsimulationgame.service.validator.TroopValidatorTest" time="0.001"/>
  <system-out><![CDATA[]]></system-out>
  <system-err><![CDATA[]]></system-err>
</testsuite>
