<?xml version="1.0" encoding="UTF-8"?>
<testsuite name="org.amaap.troopsimulationgame.domain.model.entity.ArcherTest" tests="3" skipped="0" failures="0" errors="0" timestamp="2024-05-25T19:47:16" hostname="LAPTOP-205J7BQ6" time="0.008">
  <properties/>
  <testcase name="shouldThrowExceptionForInvalidArcherParameters()" classname="org.amaap.troopsimulationgame.domain.model.entity.ArcherTest" time="0.003"/>
  <testcase name="shouldReturnCorrectStringForArcher()" classname="org.amaap.troopsimulationgame.domain.model.entity.ArcherTest" time="0.002"/>
  <testcase name="shouldCreateValidArcher()" classname="org.amaap.troopsimulationgame.domain.model.entity.ArcherTest" time="0.001"/>
  <system-out><![CDATA[]]></system-out>
  <system-err><![CDATA[]]></system-err>
</testsuite>
