<?xml version="1.0" encoding="UTF-8"?>
<testsuite name="org.amaap.troopsimulationgame.controller.ArmyCampControllerTest" tests="4" skipped="0" failures="0" errors="0" timestamp="2024-06-20T19:10:52" hostname="LAPTOP-205J7BQ6" time="0.471">
  <properties/>
  <testcase name="shouldBeAbleReturnBadRequestResponseIfTroopsAreNotAvailableInArmyCamp()" classname="org.amaap.troopsimulationgame.controller.ArmyCampControllerTest" time="0.438"/>
  <testcase name="shouldBeAbleReturnOkResponseIfTroopsAreAvailableInArmyCamp()" classname="org.amaap.troopsimulationgame.controller.ArmyCampControllerTest" time="0.008"/>
  <testcase name="shouldBeAbleReturnOKResponseIfTroopsWithTypeIsSameAsExpected()" classname="org.amaap.troopsimulationgame.controller.ArmyCampControllerTest" time="0.01"/>
  <testcase name="shouldBeAbleReturnBadRequestResponseIfNoTroopsInArmyCampForTroopType()" classname="org.amaap.troopsimulationgame.controller.ArmyCampControllerTest" time="0.01"/>
  <system-out><![CDATA[]]></system-out>
  <system-err><![CDATA[]]></system-err>
</testsuite>
