<?xml version="1.0" encoding="UTF-8"?>
<testsuite name="org.amaap.troopsimulationgame.service.BarrackServiceTest" tests="2" skipped="0" failures="0" errors="0" timestamp="2024-06-20T19:10:53" hostname="LAPTOP-205J7BQ6" time="0.077">
  <properties/>
  <testcase name="shouldBeAbleToTrainTheTroopsInTheBarrackRepository()" classname="org.amaap.troopsimulationgame.service.BarrackServiceTest" time="0.072"/>
  <testcase name="shouldBeAbleToStoreTheTroopsInTheBarrackRepository()" classname="org.amaap.troopsimulationgame.service.BarrackServiceTest" time="0.004"/>
  <system-out><![CDATA[Troops are Training...
Training Completed...
]]></system-out>
  <system-err><![CDATA[]]></system-err>
</testsuite>
