<?xml version="1.0" encoding="UTF-8"?>
<testsuite name="org.amaap.troopsimulationgame.service.TroopServiceTest" tests="9" skipped="0" failures="0" errors="0" timestamp="2024-05-12T17:10:14" hostname="LAPTOP-205J7BQ6" time="0.047">
  <properties/>
  <testcase name="shouldThrowInvalidTroopTrainingTimeAndCostExceptionWhenTrainingTimeIsZero()" classname="org.amaap.troopsimulationgame.service.TroopServiceTest" time="0.007"/>
  <testcase name="shouldThrowInvalidTroopTypeExceptionWhenTypeIsNull()" classname="org.amaap.troopsimulationgame.service.TroopServiceTest" time="0.007"/>
  <testcase name="shouldThrowInvalidTroopTrainingTimeAndCostExceptionWhenTrainingTimeIsNegative()" classname="org.amaap.troopsimulationgame.service.TroopServiceTest" time="0.004"/>
  <testcase name="shouldThrowInvalidWeaponExceptionWhenWeaponIsNull()" classname="org.amaap.troopsimulationgame.service.TroopServiceTest" time="0.004"/>
  <testcase name="shouldBeAbleToInsertRecordInTroopRepository()" classname="org.amaap.troopsimulationgame.service.TroopServiceTest" time="0.004"/>
  <testcase name="shouldThrowInvalidTroopTypeExceptionWhenTypeIsNotValid()" classname="org.amaap.troopsimulationgame.service.TroopServiceTest" time="0.003"/>
  <testcase name="shouldBeAbleToCreateTroopWhenInputIsValid()" classname="org.amaap.troopsimulationgame.service.TroopServiceTest" time="0.004"/>
  <testcase name="shouldThrowInvalidTroopTrainingTimeAndCostExceptionWhenTrainingCostIsNegative()" classname="org.amaap.troopsimulationgame.service.TroopServiceTest" time="0.003"/>
  <testcase name="shouldThrowInvalidTroopTrainingTimeAndCostExceptionWhenTrainingCostIsZero()" classname="org.amaap.troopsimulationgame.service.TroopServiceTest" time="0.004"/>
  <system-out><![CDATA[]]></system-out>
  <system-err><![CDATA[]]></system-err>
</testsuite>
