<?xml version="1.0" encoding="UTF-8"?>
<testsuite name="org.amaap.troopsimulationgame.repository.impl.InMemoryTroopRepositoryTest" tests="3" skipped="0" failures="0" errors="0" timestamp="2024-05-25T19:47:16" hostname="LAPTOP-205J7BQ6" time="0.012">
  <properties/>
  <testcase name="shouldBeAbleToInsertBarbarianIntoRepository()" classname="org.amaap.troopsimulationgame.repository.impl.InMemoryTroopRepositoryTest" time="0.005"/>
  <testcase name="shouldBeAbleToInsertArcherIntoRepository()" classname="org.amaap.troopsimulationgame.repository.impl.InMemoryTroopRepositoryTest" time="0.003"/>
  <testcase name="shouldBeAbleToGetTroopers()" classname="org.amaap.troopsimulationgame.repository.impl.InMemoryTroopRepositoryTest" time="0.003"/>
  <system-out><![CDATA[]]></system-out>
  <system-err><![CDATA[]]></system-err>
</testsuite>
